Running: C:\Programme\Xilinx\ISE_DS\ISE\bin\nt\unwrapped\fuse.exe -intstyle ise -incremental -lib unisims_ver -lib unimacro_ver -lib xilinxcorelib_ver -lib secureip -o S:/FPGA_Prak/Termin Freitag/7-seg/Sieben_Segmenanazeige/Sieben_Segmenanazeige_tb_isim_beh.exe -prj S:/FPGA_Prak/Termin Freitag/7-seg/Sieben_Segmenanazeige/Sieben_Segmenanazeige_tb_beh.prj work.Sieben_Segmenanazeige_tb work.glbl 
ISim O.76xd (signature 0x2f00eba5)
Number of CPUs detected in this system: 2
Turning on mult-threading, number of parallel sub-compilation jobs: 4 
Determining compilation order of HDL files
Analyzing Verilog file "S:/FPGA_Prak/Termin Freitag/7-seg/Sieben_Segmenanazeige/Sieben_Segmenanazeige.v" into library work
Analyzing Verilog file "S:/FPGA_Prak/Termin Freitag/7-seg/Sieben_Segmenanazeige/Sieben_Segmenanazeige_tb.v" into library work
Analyzing Verilog file "C:/Programme/Xilinx/ISE_DS/ISE//verilog/src/glbl.v" into library work
Starting static elaboration
Completed static elaboration
Fuse Memory Usage: 64764 KB
Fuse CPU Usage: 1249 ms
Compiling module Sieben_Segmenanazeige
Compiling module Sieben_Segmenanazeige_tb
Compiling module glbl
Time Resolution for simulation is 1ps.
Compiled 3 Verilog Units
Built simulation executable S:/FPGA_Prak/Termin Freitag/7-seg/Sieben_Segmenanazeige/Sieben_Segmenanazeige_tb_isim_beh.exe
Fuse Memory Usage: 90312 KB
Fuse CPU Usage: 1484 ms
