Release 13.3 Map O.76xd (nt)
Xilinx Mapping Report File for Design 'Sieben_Segmenanazeige_BCD'

Design Information
------------------
Command Line   : map -intstyle ise -p xc5vlx50t-ff1136-2 -w -logic_opt off -ol
high -t 1 -register_duplication off -global_opt off -mt off -cm area -ir off -pr
off -lc off -power off -o Sieben_Segmenanazeige_BCD_map.ncd
Sieben_Segmenanazeige_BCD.ngd Sieben_Segmenanazeige_BCD.pcf 
Target Device  : xc5vlx50t
Target Package : ff1136
Target Speed   : -2
Mapper Version : virtex5 -- $Revision: 1.55 $
Mapped Date    : Fri May 26 10:42:48 2017

Design Summary
--------------
Number of errors:      0
Number of warnings:    0
Slice Logic Utilization:
  Number of Slice LUTs:                         14 out of  28,800    1%
    Number used as logic:                       14 out of  28,800    1%
      Number using O6 output only:              14

Slice Logic Distribution:
  Number of occupied Slices:                     9 out of   7,200    1%
  Number of LUT Flip Flop pairs used:           14
    Number with an unused Flip Flop:            14 out of      14  100%
    Number with an unused LUT:                   0 out of      14    0%
    Number of fully used LUT-FF pairs:           0 out of      14    0%
    Number of slice register sites lost
      to control set restrictions:               0 out of  28,800    0%

  A LUT Flip Flop pair for this architecture represents one LUT paired with
  one Flip Flop within a slice.  A control set is a unique combination of
  clock, reset, set, and enable signals for a registered element.
  The Slice Logic Distribution report is not meaningful if the design is
  over-mapped for a non-slice resource or if Placement fails.
  OVERMAPPING of BRAM resources should be ignored if the design is
  over-mapped for a non-BRAM resource or if placement fails.

IO Utilization:
  Number of bonded IOBs:                        24 out of     480    5%
    Number of LOCed IOBs:                       24 out of      24  100%
    IOB Flip Flops:                             14

Specific Feature Utilization:
  Number of BUFG/BUFGCTRLs:                      1 out of      32    3%
    Number used as BUFGs:                        1

Average Fanout of Non-Clock Nets:                2.24

Peak Memory Usage:  318 MB
Total REAL time to MAP completion:  24 secs 
Total CPU time to MAP completion:   20 secs 

Table of Contents
-----------------
Section 1 - Errors
Section 2 - Warnings
Section 3 - Informational
Section 4 - Removed Logic Summary
Section 5 - Removed Logic
Section 6 - IOB Properties
Section 7 - RPMs
Section 8 - Guide Report
Section 9 - Area Group and Partition Summary
Section 10 - Timing Report
Section 11 - Configuration String Information
Section 12 - Control Set Information
Section 13 - Utilization by Hierarchy

Section 1 - Errors
------------------

Section 2 - Warnings
--------------------
WARNING:Security:42 - Your software subscription period has lapsed. Your current
version of Xilinx tools will continue to function, but you no longer qualify for
Xilinx software updates or new releases.

Section 3 - Informational
-------------------------
INFO:Security:54 - 'xc5vlx50t' is a WebPack part.
INFO:MapLib:562 - No environment variables are currently set.
INFO:LIT:244 - All of the single ended outputs in this design are using slew
   rate limited output drivers. The delay on speed critical single ended outputs
   can be dramatically reduced by designating them as fast outputs.
INFO:Pack:1716 - Initializing temperature to 85.000 Celsius. (default - Range:
   0.000 to 85.000 Celsius)
INFO:Pack:1720 - Initializing voltage to 0.950 Volts. (default - Range: 0.950 to
   1.050 Volts)
INFO:Map:215 - The Interim Design Summary has been generated in the MAP Report
   (.mrp).
INFO:Pack:1650 - Map created a placed design.

Section 4 - Removed Logic Summary
---------------------------------

Section 5 - Removed Logic
-------------------------

To enable printing of redundant blocks removed and signals merged, set the
detailed map report option and rerun map.

Section 6 - IOB Properties
--------------------------

+---------------------------------------------------------------------------------------------------------------------------------------------------------+
| IOB Name                           | Type             | Direction | IO Standard          | Diff  | Drive    | Slew | Reg (s)      | Resistor | IOB      |
|                                    |                  |           |                      | Term  | Strength | Rate |              |          | Delay    |
+---------------------------------------------------------------------------------------------------------------------------------------------------------+
| clk                                | IOB              | INPUT     | LVCMOS25             |       |          |      |              |          |          |
| in0<0>                             | IOB              | INPUT     | LVCMOS25             |       |          |      |              |          |          |
| in0<1>                             | IOB              | INPUT     | LVCMOS25             |       |          |      |              |          |          |
| in0<2>                             | IOB              | INPUT     | LVCMOS25             |       |          |      |              |          |          |
| in0<3>                             | IOB              | INPUT     | LVCMOS25             |       |          |      |              |          |          |
| in1<0>                             | IOB              | INPUT     | LVCMOS25             |       |          |      |              |          |          |
| in1<1>                             | IOB              | INPUT     | LVCMOS25             |       |          |      |              |          |          |
| in1<2>                             | IOB              | INPUT     | LVCMOS25             |       |          |      |              |          |          |
| in1<3>                             | IOB              | INPUT     | LVCMOS25             |       |          |      |              |          |          |
| out0<0>                            | IOB              | OUTPUT    | LVCMOS25             |       | 12       | SLOW | OFF          |          |          |
| out0<1>                            | IOB              | OUTPUT    | LVCMOS25             |       | 12       | SLOW | OFF          |          |          |
| out0<2>                            | IOB              | OUTPUT    | LVCMOS25             |       | 12       | SLOW | OFF          |          |          |
| out0<3>                            | IOB              | OUTPUT    | LVCMOS25             |       | 12       | SLOW | OFF          |          |          |
| out0<4>                            | IOB              | OUTPUT    | LVCMOS25             |       | 12       | SLOW | OFF          |          |          |
| out0<5>                            | IOB              | OUTPUT    | LVCMOS25             |       | 12       | SLOW | OFF          |          |          |
| out0<6>                            | IOB              | OUTPUT    | LVCMOS25             |       | 12       | SLOW | OFF          |          |          |
| out1<0>                            | IOB              | OUTPUT    | LVCMOS25             |       | 12       | SLOW | OFF          |          |          |
| out1<1>                            | IOB              | OUTPUT    | LVCMOS25             |       | 12       | SLOW | OFF          |          |          |
| out1<2>                            | IOB              | OUTPUT    | LVCMOS25             |       | 12       | SLOW | OFF          |          |          |
| out1<3>                            | IOB              | OUTPUT    | LVCMOS25             |       | 12       | SLOW | OFF          |          |          |
| out1<4>                            | IOB              | OUTPUT    | LVCMOS25             |       | 12       | SLOW | OFF          |          |          |
| out1<5>                            | IOB              | OUTPUT    | LVCMOS25             |       | 12       | SLOW | OFF          |          |          |
| out1<6>                            | IOB              | OUTPUT    | LVCMOS25             |       | 12       | SLOW | OFF          |          |          |
| reset_n                            | IOB              | INPUT     | LVCMOS25             |       |          |      |              |          |          |
+---------------------------------------------------------------------------------------------------------------------------------------------------------+

Section 7 - RPMs
----------------

Section 8 - Guide Report
------------------------
Guide not run on this design.

Section 9 - Area Group and Partition Summary
--------------------------------------------

Partition Implementation Status
-------------------------------

  No Partitions were found in this design.

-------------------------------

Area Group Information
----------------------

  No area groups were found in this design.

----------------------

Section 10 - Timing Report
--------------------------
A logic-level (pre-route) timing report can be generated by using Xilinx static
timing analysis tools, Timing Analyzer (GUI) or TRCE (command line), with the
mapped NCD and PCF files. Please note that this timing report will be generated
using estimated delay information. For accurate numbers, please generate a
timing report with the post Place and Route NCD file.

For more information about the Timing Analyzer, consult the Xilinx Timing
Analyzer Reference Manual; for more information about TRCE, consult the Xilinx
Command Line Tools User Guide "TRACE" chapter.

Section 11 - Configuration String Details
-----------------------------------------
Use the "-detail" map option to print out Configuration Strings

Section 12 - Control Set Information
------------------------------------
Use the "-detail" map option to print out Control Set Information.

Section 13 - Utilization by Hierarchy
-------------------------------------
Use the "-detail" map option to print out the Utilization by Hierarchy section.
