--------------------------------------------------------------------------------
Release 13.3 Trace  (nt)
Copyright (c) 1995-2011 Xilinx, Inc.  All rights reserved.

C:\Programme\Xilinx\ISE_DS\ISE\bin\nt\unwrapped\trce.exe -intstyle ise -v 3 -s
2 -n 3 -fastpaths -xml Sieben_Segmenanazeige.twx Sieben_Segmenanazeige.ncd -o
Sieben_Segmenanazeige.twr Sieben_Segmenanazeige.pcf

Design file:              Sieben_Segmenanazeige.ncd
Physical constraint file: Sieben_Segmenanazeige.pcf
Device,package,speed:     xc5vlx50t,ff1136,-2 (PRODUCTION 1.73 2011-10-03, STEPPING level 0)
Report level:             verbose report

Environment Variable      Effect 
--------------------      ------ 
NONE                      No environment variables were set
--------------------------------------------------------------------------------

INFO:Timing:2698 - No timing constraints found, doing default enumeration.
INFO:Timing:2752 - To get complete path coverage, use the unconstrained paths 
   option. All paths that are not constrained will be reported in the 
   unconstrained paths section(s) of the report.
INFO:Timing:3339 - The clock-to-out numbers in this timing report are based on 
   a 50 Ohm transmission line loading model.  For the details of this model, 
   and for more information on accounting for different loading conditions, 
   please see the device datasheet.



Data Sheet report:
-----------------
All values displayed in nanoseconds (ns)

Setup/Hold to clock clk
------------+------------+------------+------------------+--------+
            |Max Setup to|Max Hold to |                  | Clock  |
Source      | clk (edge) | clk (edge) |Internal Clock(s) | Phase  |
------------+------------+------------+------------------+--------+
in0<0>      |    0.647(R)|    1.421(R)|clk_BUFGP         |   0.000|
in0<1>      |    0.924(R)|    1.625(R)|clk_BUFGP         |   0.000|
in0<2>      |    0.756(R)|    1.491(R)|clk_BUFGP         |   0.000|
in0<3>      |    0.661(R)|    1.501(R)|clk_BUFGP         |   0.000|
in1<0>      |    0.660(R)|    1.361(R)|clk_BUFGP         |   0.000|
in1<1>      |    0.921(R)|    1.474(R)|clk_BUFGP         |   0.000|
in1<2>      |    0.630(R)|    1.432(R)|clk_BUFGP         |   0.000|
in1<3>      |    0.726(R)|    1.531(R)|clk_BUFGP         |   0.000|
------------+------------+------------+------------------+--------+

Clock clk to Pad
------------+------------+------------------+--------+
            | clk (edge) |                  | Clock  |
Destination |   to PAD   |Internal Clock(s) | Phase  |
------------+------------+------------------+--------+
out0<0>     |    6.713(R)|clk_BUFGP         |   0.000|
out0<1>     |    6.722(R)|clk_BUFGP         |   0.000|
out0<2>     |    6.734(R)|clk_BUFGP         |   0.000|
out0<3>     |    6.725(R)|clk_BUFGP         |   0.000|
out0<4>     |    6.739(R)|clk_BUFGP         |   0.000|
out0<5>     |    6.752(R)|clk_BUFGP         |   0.000|
out0<6>     |    6.717(R)|clk_BUFGP         |   0.000|
out1<0>     |    6.714(R)|clk_BUFGP         |   0.000|
out1<1>     |    6.715(R)|clk_BUFGP         |   0.000|
out1<2>     |    6.716(R)|clk_BUFGP         |   0.000|
out1<3>     |    6.696(R)|clk_BUFGP         |   0.000|
out1<4>     |    6.734(R)|clk_BUFGP         |   0.000|
out1<5>     |    6.704(R)|clk_BUFGP         |   0.000|
out1<6>     |    6.727(R)|clk_BUFGP         |   0.000|
------------+------------+------------------+--------+


Analysis completed Fri May 26 10:24:49 2017 
--------------------------------------------------------------------------------

Trace Settings:
-------------------------
Trace Settings 

Peak Memory Usage: 222 MB



