Release 13.3 - xst O.76xd (nt)
Copyright (c) 1995-2011 Xilinx, Inc.  All rights reserved.
--> Parameter TMPDIR set to xst/projnav.tmp


Total REAL time to Xst completion: 2.00 secs
Total CPU time to Xst completion: 2.17 secs
 
--> Parameter xsthdpdir set to xst


Total REAL time to Xst completion: 2.00 secs
Total CPU time to Xst completion: 2.19 secs
 
--> Reading design: Taktteiler.prj

TABLE OF CONTENTS
  1) Synthesis Options Summary
  2) HDL Compilation
  3) Design Hierarchy Analysis
  4) HDL Analysis
  5) HDL Synthesis
     5.1) HDL Synthesis Report
  6) Advanced HDL Synthesis
     6.1) Advanced HDL Synthesis Report
  7) Low Level Synthesis
  8) Partition Report
  9) Final Report
	9.1) Device utilization summary
	9.2) Partition Resource Summary
	9.3) TIMING REPORT


=========================================================================
*                      Synthesis Options Summary                        *
=========================================================================
---- Source Parameters
Input File Name                    : "Taktteiler.prj"
Input Format                       : mixed
Ignore Synthesis Constraint File   : NO

---- Target Parameters
Output File Name                   : "Taktteiler"
Output Format                      : NGC
Target Device                      : xc5vlx50t-2-ff1136

---- Source Options
Top Module Name                    : Taktteiler
Automatic FSM Extraction           : YES
FSM Encoding Algorithm             : Auto
Safe Implementation                : No
FSM Style                          : LUT
RAM Extraction                     : Yes
RAM Style                          : Auto
ROM Extraction                     : Yes
Mux Style                          : Auto
Decoder Extraction                 : YES
Priority Encoder Extraction        : Yes
Shift Register Extraction          : YES
Logical Shifter Extraction         : YES
XOR Collapsing                     : YES
ROM Style                          : Auto
Mux Extraction                     : Yes
Resource Sharing                   : YES
Asynchronous To Synchronous        : NO
Use DSP Block                      : Auto
Automatic Register Balancing       : No

---- Target Options
LUT Combining                      : Off
Reduce Control Sets                : Off
Add IO Buffers                     : YES
Global Maximum Fanout              : 100000
Add Generic Clock Buffer(BUFG)     : 32
Register Duplication               : YES
Slice Packing                      : YES
Optimize Instantiated Primitives   : NO
Use Clock Enable                   : Auto
Use Synchronous Set                : Auto
Use Synchronous Reset              : Auto
Pack IO Registers into IOBs        : Auto
Equivalent register Removal        : YES

---- General Options
Optimization Goal                  : Speed
Optimization Effort                : 1
Power Reduction                    : NO
Keep Hierarchy                     : No
Netlist Hierarchy                  : As_Optimized
RTL Output                         : Yes
Global Optimization                : AllClockNets
Read Cores                         : YES
Write Timing Constraints           : NO
Cross Clock Analysis               : NO
Hierarchy Separator                : /
Bus Delimiter                      : <>
Case Specifier                     : Maintain
Slice Utilization Ratio            : 100
BRAM Utilization Ratio             : 100
DSP48 Utilization Ratio            : 100
Verilog 2001                       : YES
Auto BRAM Packing                  : NO
Slice Utilization Ratio Delta      : 5

=========================================================================


=========================================================================
*                          HDL Compilation                              *
=========================================================================
Compiling verilog file "Taktteiler.v" in library work
Module <Taktteiler> compiled
No errors in compilation
Analysis of file <"Taktteiler.prj"> succeeded.
 

=========================================================================
*                     Design Hierarchy Analysis                         *
=========================================================================
Analyzing hierarchy for module <Taktteiler> in library <work>.


=========================================================================
*                            HDL Analysis                               *
=========================================================================
Analyzing top module <Taktteiler>.
Module <Taktteiler> is correct for synthesis.
 

=========================================================================
*                           HDL Synthesis                               *
=========================================================================

Performing bidirectional port resolution...

Synthesizing Unit <Taktteiler>.
    Related source file is "Taktteiler.v".
    Found 10-bit up counter for signal <out>.
    Summary:
	inferred   1 Counter(s).
Unit <Taktteiler> synthesized.


=========================================================================
HDL Synthesis Report

Macro Statistics
# Counters                                             : 1
 10-bit up counter                                     : 1

=========================================================================

=========================================================================
*                       Advanced HDL Synthesis                          *
=========================================================================


=========================================================================
Advanced HDL Synthesis Report

Macro Statistics
# Counters                                             : 1
 10-bit up counter                                     : 1

=========================================================================

=========================================================================
*                         Low Level Synthesis                           *
=========================================================================

Optimizing unit <Taktteiler> ...

Mapping all equations...
Building and optimizing final netlist ...
Found area constraint ratio of 100 (+ 5) on block Taktteiler, actual ratio is 0.

Final Macro Processing ...

=========================================================================
Final Register Report

Macro Statistics
# Registers                                            : 10
 Flip-Flops                                            : 10

=========================================================================

=========================================================================
*                           Partition Report                            *
=========================================================================

Partition Implementation Status
-------------------------------

  No Partitions were found in this design.

-------------------------------

=========================================================================
*                            Final Report                               *
=========================================================================
Final Results
RTL Top Level Output File Name     : Taktteiler.ngr
Top Level Output File Name         : Taktteiler
Output Format                      : NGC
Optimization Goal                  : Speed
Keep Hierarchy                     : No

Design Statistics
# IOs                              : 12

Cell Usage :
# BELS                             : 32
#      GND                         : 1
#      INV                         : 2
#      LUT1                        : 9
#      MUXCY                       : 9
#      VCC                         : 1
#      XORCY                       : 10
# FlipFlops/Latches                : 10
#      FDC                         : 10
# Clock Buffers                    : 1
#      BUFGP                       : 1
# IO Buffers                       : 11
#      IBUF                        : 1
#      OBUF                        : 10
=========================================================================

Device utilization summary:
---------------------------

Selected Device : 5vlx50tff1136-2 


Slice Logic Utilization: 
 Number of Slice Registers:              10  out of  28800     0%  
 Number of Slice LUTs:                   11  out of  28800     0%  
    Number used as Logic:                11  out of  28800     0%  

Slice Logic Distribution: 
 Number of LUT Flip Flop pairs used:     11
   Number with an unused Flip Flop:       1  out of     11     9%  
   Number with an unused LUT:             0  out of     11     0%  
   Number of fully used LUT-FF pairs:    10  out of     11    90%  
   Number of unique control sets:         1

IO Utilization: 
 Number of IOs:                          12
 Number of bonded IOBs:                  12  out of    480     2%  

Specific Feature Utilization:
 Number of BUFG/BUFGCTRLs:                1  out of     32     3%  

---------------------------
Partition Resource Summary:
---------------------------

  No Partitions were found in this design.

---------------------------


=========================================================================
TIMING REPORT

NOTE: THESE TIMING NUMBERS ARE ONLY A SYNTHESIS ESTIMATE.
      FOR ACCURATE TIMING INFORMATION PLEASE REFER TO THE TRACE REPORT
      GENERATED AFTER PLACE-and-ROUTE.

Clock Information:
------------------
-----------------------------------+------------------------+-------+
Clock Signal                       | Clock buffer(FF name)  | Load  |
-----------------------------------+------------------------+-------+
clk                                | BUFGP                  | 10    |
-----------------------------------+------------------------+-------+

Asynchronous Control Signals Information:
----------------------------------------
-----------------------------------+------------------------+-------+
Control Signal                     | Buffer(FF name)        | Load  |
-----------------------------------+------------------------+-------+
reset_n_inv(reset_n_inv1_INV_0:O)  | NONE(out_0)            | 10    |
-----------------------------------+------------------------+-------+

Timing Summary:
---------------
Speed Grade: -2

   Minimum period: 1.685ns (Maximum Frequency: 593.525MHz)
   Minimum input arrival time before clock: No path found
   Maximum output required time after clock: 2.830ns
   Maximum combinational path delay: No path found

Timing Detail:
--------------
All values displayed in nanoseconds (ns)

=========================================================================
Timing constraint: Default period analysis for Clock 'clk'
  Clock period: 1.685ns (frequency: 593.525MHz)
  Total number of paths / destination ports: 55 / 10
-------------------------------------------------------------------------
Delay:               1.685ns (Levels of Logic = 11)
  Source:            out_0 (FF)
  Destination:       out_9 (FF)
  Source Clock:      clk rising
  Destination Clock: clk rising

  Data Path: out_0 to out_9
                                Gate     Net
    Cell:in->out      fanout   Delay   Delay  Logical Name (Net Name)
    ----------------------------------------  ------------
     FDC:C->Q              2   0.396   0.290  out_0 (out_0)
     INV:I->O              1   0.212   0.000  Mcount_out_lut<0>_INV_0 (Mcount_out_lut<0>)
     MUXCY:S->O            1   0.305   0.000  Mcount_out_cy<0> (Mcount_out_cy<0>)
     MUXCY:CI->O           1   0.023   0.000  Mcount_out_cy<1> (Mcount_out_cy<1>)
     MUXCY:CI->O           1   0.023   0.000  Mcount_out_cy<2> (Mcount_out_cy<2>)
     MUXCY:CI->O           1   0.023   0.000  Mcount_out_cy<3> (Mcount_out_cy<3>)
     MUXCY:CI->O           1   0.023   0.000  Mcount_out_cy<4> (Mcount_out_cy<4>)
     MUXCY:CI->O           1   0.023   0.000  Mcount_out_cy<5> (Mcount_out_cy<5>)
     MUXCY:CI->O           1   0.023   0.000  Mcount_out_cy<6> (Mcount_out_cy<6>)
     MUXCY:CI->O           1   0.023   0.000  Mcount_out_cy<7> (Mcount_out_cy<7>)
     MUXCY:CI->O           0   0.023   0.000  Mcount_out_cy<8> (Mcount_out_cy<8>)
     XORCY:CI->O           1   0.300   0.000  Mcount_out_xor<9> (Result<9>)
     FDC:D                    -0.022          out_9
    ----------------------------------------
    Total                      1.685ns (1.395ns logic, 0.290ns route)
                                       (82.8% logic, 17.2% route)

=========================================================================
Timing constraint: Default OFFSET OUT AFTER for Clock 'clk'
  Total number of paths / destination ports: 10 / 10
-------------------------------------------------------------------------
Offset:              2.830ns (Levels of Logic = 1)
  Source:            out_9 (FF)
  Destination:       out<9> (PAD)
  Source Clock:      clk rising

  Data Path: out_9 to out<9>
                                Gate     Net
    Cell:in->out      fanout   Delay   Delay  Logical Name (Net Name)
    ----------------------------------------  ------------
     FDC:C->Q              2   0.396   0.290  out_9 (out_9)
     OBUF:I->O                 2.144          out_9_OBUF (out<9>)
    ----------------------------------------
    Total                      2.830ns (2.540ns logic, 0.290ns route)
                                       (89.8% logic, 10.2% route)

=========================================================================


Total REAL time to Xst completion: 12.00 secs
Total CPU time to Xst completion: 11.94 secs
 
--> 

Total memory usage is 161052 kilobytes

Number of errors   :    0 (   0 filtered)
Number of warnings :    0 (   0 filtered)
Number of infos    :    0 (   0 filtered)

